<html>
<head>
<title>TestNG:  Swag_Laps</title>
<link href="../testng.css" rel="stylesheet" type="text/css" />
<link href="../my-testng.css" rel="stylesheet" type="text/css" />

<style type="text/css">
.log { display: none;} 
.stack-trace { display: none;} 
</style>
<script type="text/javascript">
<!--
function flip(e) {
  current = e.style.display;
  if (current == 'block') {
    e.style.display = 'none';
    return 0;
  }
  else {
    e.style.display = 'block';
    return 1;
  }
}

function toggleBox(szDivId, elem, msg1, msg2)
{
  var res = -1;  if (document.getElementById) {
    res = flip(document.getElementById(szDivId));
  }
  else if (document.all) {
    // this is the way old msie versions work
    res = flip(document.all[szDivId]);
  }
  if(elem) {
    if(res == 0) elem.innerHTML = msg1; else elem.innerHTML = msg2;
  }

}

function toggleAllBoxes() {
  if (document.getElementsByTagName) {
    d = document.getElementsByTagName('div');
    for (i = 0; i < d.length; i++) {
      if (d[i].className == 'log') {
        flip(d[i]);
      }
    }
  }
}

// -->
</script>

</head>
<body>
<h2 align='center'>Swag_Laps</h2><table border='1' align="center">
<tr>
<td>Tests passed/Failed/Skipped:</td><td>9/1/0</td>
</tr><tr>
<td>Started on:</td><td>Fri Jan 26 17:15:38 EET 2024</td>
</tr>
<tr><td>Total time:</td><td>50 seconds (50720 ms)</td>
</tr><tr>
<td>Included groups:</td><td></td>
</tr><tr>
<td>Excluded groups:</td><td></td>
</tr>
</table><p/>
<small><i>(Hover the method name to see the test class name)</i></small><p/>
<table width='100%' border='1' class='invocation-failed'>
<tr><td colspan='4' align='center'><b>FAILED TESTS</b></td></tr>
<tr><td><b>Test method</b></td>
<td width="30%"><b>Exception</b></td>
<td width="10%"><b>Time (seconds)</b></td>
<td><b>Instance</b></td>
</tr>
<tr>
<td title='Test_Cases.Cart.Checkout_With_Empty_Cart()'><b>Checkout_With_Empty_Cart</b><br>Test class: Test_Cases.Cart<br>Parameters: standard_user, secret_sauce, User_000, Pass_000, Antonio , Garnier, a758127</td>
<td><div><pre>java.lang.AssertionError: expected [you should add product first to your cart] but found [Thank you for your order!]
	at Test_Cases.Cart.Checkout_With_Empty_Cart(Cart.java:103)
	at java.util.ArrayList.forEach(ArrayList.java:1259)
... Removed 31 stack frames</pre></div><a href='#' onClick='toggleBox("stack-trace1138845999", this, "Click to show all stack frames", "Click to hide stack frames")'>Click to show all stack frames</a>
<div class='stack-trace' id='stack-trace1138845999'><pre>java.lang.AssertionError: expected [you should add product first to your cart] but found [Thank you for your order!]
	at org.testng.Assert.fail(Assert.java:97)
	at org.testng.Assert.assertEqualsImpl(Assert.java:136)
	at org.testng.Assert.assertEquals(Assert.java:118)
	at org.testng.Assert.assertEquals(Assert.java:575)
	at org.testng.Assert.assertEquals(Assert.java:585)
	at Test_Cases.Cart.Checkout_With_Empty_Cart(Cart.java:103)
	at sun.reflect.NativeMethodAccessorImpl.invoke0(Native Method)
	at sun.reflect.NativeMethodAccessorImpl.invoke(NativeMethodAccessorImpl.java:62)
	at sun.reflect.DelegatingMethodAccessorImpl.invoke(DelegatingMethodAccessorImpl.java:43)
	at java.lang.reflect.Method.invoke(Method.java:498)
	at org.testng.internal.MethodInvocationHelper.invokeMethod(MethodInvocationHelper.java:133)
	at org.testng.internal.TestInvoker.invokeMethod(TestInvoker.java:584)
	at org.testng.internal.TestInvoker.invokeTestMethod(TestInvoker.java:172)
	at org.testng.internal.MethodRunner.runInSequence(MethodRunner.java:46)
	at org.testng.internal.TestInvoker$MethodInvocationAgent.invoke(TestInvoker.java:804)
	at org.testng.internal.TestInvoker.invokeTestMethods(TestInvoker.java:145)
	at org.testng.internal.TestMethodWorker.invokeTestMethods(TestMethodWorker.java:146)
	at org.testng.internal.TestMethodWorker.run(TestMethodWorker.java:128)
	at java.util.ArrayList.forEach(ArrayList.java:1259)
	at org.testng.TestRunner.privateRun(TestRunner.java:770)
	at org.testng.TestRunner.run(TestRunner.java:591)
	at org.testng.SuiteRunner.runTest(SuiteRunner.java:402)
	at org.testng.SuiteRunner.runSequentially(SuiteRunner.java:396)
	at org.testng.SuiteRunner.privateRun(SuiteRunner.java:355)
	at org.testng.SuiteRunner.run(SuiteRunner.java:304)
	at org.testng.SuiteRunnerWorker.runSuite(SuiteRunnerWorker.java:53)
	at org.testng.SuiteRunnerWorker.run(SuiteRunnerWorker.java:96)
	at org.testng.TestNG.runSuitesSequentially(TestNG.java:1180)
	at org.testng.TestNG.runSuitesLocally(TestNG.java:1102)
	at org.testng.TestNG.runSuites(TestNG.java:1032)
	at org.testng.TestNG.run(TestNG.java:1000)
	at org.testng.IDEARemoteTestNG.run(IDEARemoteTestNG.java:72)
	at org.testng.RemoteTestNGStarter.main(RemoteTestNGStarter.java:123)
</pre></div></td>
<td>3</td>
<td>Test_Cases.Cart@4b85880b</td></tr>
</table><p>
<table width='100%' border='1' class='invocation-passed'>
<tr><td colspan='4' align='center'><b>PASSED TESTS</b></td></tr>
<tr><td><b>Test method</b></td>
<td width="30%"><b>Exception</b></td>
<td width="10%"><b>Time (seconds)</b></td>
<td><b>Instance</b></td>
</tr>
<tr>
<td title='Test_Cases.About_us.About_us()'><b>About_us</b><br>Test class: Test_Cases.About_us<br>Parameters: standard_user, secret_sauce, User_000, Pass_000, Antonio , Garnier, a758127</td>
<td></td>
<td>23</td>
<td>Test_Cases.About_us@2a65bb85</td></tr>
<tr>
<td title='Test_Cases.Cart.Add_Product_To_Cart()'><b>Add_Product_To_Cart</b><br>Test class: Test_Cases.Cart<br>Parameters: standard_user, secret_sauce, User_000, Pass_000, Antonio , Garnier, a758127</td>
<td></td>
<td>1</td>
<td>Test_Cases.Cart@4b85880b</td></tr>
<tr>
<td title='Test_Cases.Cart.Back_To_home_Page()'><b>Back_To_home_Page</b><br>Test class: Test_Cases.Cart<br>Parameters: standard_user, secret_sauce, User_000, Pass_000, Antonio , Garnier, a758127</td>
<td></td>
<td>0</td>
<td>Test_Cases.Cart@4b85880b</td></tr>
<tr>
<td title='Test_Cases.Cart.Checkout_Test()'><b>Checkout_Test</b><br>Test class: Test_Cases.Cart<br>Parameters: standard_user, secret_sauce, User_000, Pass_000, Antonio , Garnier, a758127</td>
<td></td>
<td>1</td>
<td>Test_Cases.Cart@4b85880b</td></tr>
<tr>
<td title='Test_Cases.Logout.Logout_test()'><b>Logout_test</b><br>Test class: Test_Cases.Logout<br>Parameters: standard_user, secret_sauce, User_000, Pass_000, Antonio , Garnier, a758127</td>
<td></td>
<td>2</td>
<td>Test_Cases.Logout@78aea4b9</td></tr>
<tr>
<td title='Test_Cases.Cart.Remove_Product_From_Cart()'><b>Remove_Product_From_Cart</b><br>Test class: Test_Cases.Cart<br>Parameters: standard_user, secret_sauce, User_000, Pass_000, Antonio , Garnier, a758127</td>
<td></td>
<td>0</td>
<td>Test_Cases.Cart@4b85880b</td></tr>
<tr>
<td title='Test_Cases.Login.TC_Login_With_Empty_Data()'><b>TC_Login_With_Empty_Data</b><br>Test class: Test_Cases.Login<br>Parameters: standard_user, secret_sauce, User_000, Pass_000, Antonio , Garnier, a758127</td>
<td></td>
<td>0</td>
<td>Test_Cases.Login@18a3962d</td></tr>
<tr>
<td title='Test_Cases.Login.TC_Login_With_Registered_Username_And_Correct_Password()'><b>TC_Login_With_Registered_Username_And_Correct_Password</b><br>Test class: Test_Cases.Login<br>Parameters: standard_user, secret_sauce, User_000, Pass_000, Antonio , Garnier, a758127</td>
<td></td>
<td>3</td>
<td>Test_Cases.Login@18a3962d</td></tr>
<tr>
<td title='Test_Cases.Login.TC_Login_With_Wrong_Username_And_Password()'><b>TC_Login_With_Wrong_Username_And_Password</b><br>Test class: Test_Cases.Login<br>Parameters: standard_user, secret_sauce, User_000, Pass_000, Antonio , Garnier, a758127</td>
<td></td>
<td>0</td>
<td>Test_Cases.Login@18a3962d</td></tr>
</table><p>
</body>
</html>